[handleMsg]:  {
  key: {
    remoteJid: '584244365940@s.whatsapp.net',
    fromMe: false,
    id: '3A05C0F49AC690661606',
    participant: undefined
  },
  messageTimestamp: 1736913241,
  pushName: 'Milye!',
  broadcast: false,
  message: Message {
    conversation: 'Hola',
    messageContextInfo: MessageContextInfo {
      deviceListMetadata: [DeviceListMetadata],
      deviceListMetadataVersion: 2,
      messageSecret: [Uint8Array]
    }
  },
  body: 'Hola',
  from: '584244365940'
}
[QUEUE_SE_ENVIO]:  {
  ref: 'ans_00030644-b57f-465e-a222-0af4b0963c2f',
  keyword: 'key_1811b958-4153-4a84-9d36-74c40e71b3d0',
  answer: 'Hola bienvenido a Todo Seller CCS',
  options: {
    media: null,
    buttons: [],
    capture: true,
    child: null,
    delay: 0,
    idle: null,
    ref: null,
    nested: [],
    keyword: {},
    callback: true
  },
  refSerialize: 'a2c99e0c792d3c63893e5d586b99fd7b'
}
[handleMsg]:  {
  key: {
    remoteJid: '584244365940@s.whatsapp.net',
    fromMe: false,
    id: '3A1A742985324312BF33',
    participant: undefined
  },
  messageTimestamp: 1736913253,
  pushName: 'Milye!',
  broadcast: false,
  message: Message {
    conversation: 'Productos tienen hoy',
    messageContextInfo: MessageContextInfo {
      deviceListMetadata: [DeviceListMetadata],
      deviceListMetadataVersion: 2,
      messageSecret: [Uint8Array]
    }
  },
  body: 'Productos tienen hoy',
  from: '584244365940'
}
